[ 2025-08-28 14:50:14,618 ] 1025 httpx - INFO - HTTP Request: GET https://dagshub.com/api/v1/user "HTTP/1.1 200 OK"
[ 2025-08-28 14:50:14,626 ] 107 dagshub - INFO - Accessing as GaneshShaw123
[ 2025-08-28 14:50:15,124 ] 1025 httpx - INFO - HTTP Request: GET https://dagshub.com/api/v1/repos/GaneshShaw123/NetworkSecurity "HTTP/1.1 200 OK"
[ 2025-08-28 14:50:15,664 ] 1025 httpx - INFO - HTTP Request: GET https://dagshub.com/api/v1/user "HTTP/1.1 200 OK"
[ 2025-08-28 14:50:15,666 ] 107 dagshub - INFO - Initialized MLflow to track repo "GaneshShaw123/NetworkSecurity"
[ 2025-08-28 14:50:15,666 ] 107 dagshub - INFO - Repository GaneshShaw123/NetworkSecurity initialized!
[ 2025-08-28 14:50:15,672 ] 20 root - INFO - Initiate the data ingestion
[ 2025-08-28 14:50:17,776 ] 65 root - INFO - Performed train test split on the dataframe
[ 2025-08-28 14:50:17,776 ] 67 root - INFO - Exited split_data_as_train_test method of Data_Ingestion class
[ 2025-08-28 14:50:17,776 ] 75 root - INFO - Exporting train and test file path.
[ 2025-08-28 14:50:17,841 ] 84 root - INFO - Exported train and test file path.
[ 2025-08-28 14:50:17,841 ] 22 root - INFO - Data Initiation Completed
[ 2025-08-28 14:50:17,846 ] 27 root - INFO - Initiate the data Validation
[ 2025-08-28 14:50:17,951 ] 32 root - INFO - Required number of columns:2
[ 2025-08-28 14:50:17,952 ] 33 root - INFO - Data frame has columns:31
[ 2025-08-28 14:50:17,952 ] 32 root - INFO - Required number of columns:2
[ 2025-08-28 14:50:17,952 ] 33 root - INFO - Data frame has columns:31
[ 2025-08-28 14:50:18,119 ] 29 root - INFO - data Validation Completed
[ 2025-08-28 14:50:18,119 ] 33 root - INFO - data Transformation started
[ 2025-08-28 14:50:18,120 ] 63 root - INFO - Entered initiate_data_transformation method of DataTransformation class
[ 2025-08-28 14:50:18,120 ] 65 root - INFO - Starting data transformation
[ 2025-08-28 14:50:18,156 ] 48 root - INFO - Entered get_data_trnasformer_object method of Trnasformation class
[ 2025-08-28 14:50:18,156 ] 53 root - INFO - Initialise KNNImputer with {'missing_values': nan, 'n_neighbors': 3, 'weights': 'uniform'}
[ 2025-08-28 14:50:18,178 ] 46 root - INFO - Entered the save_object method of MainUtils class
[ 2025-08-28 14:50:18,181 ] 50 root - INFO - Exited the save_object method of MainUtils class
[ 2025-08-28 14:50:18,181 ] 46 root - INFO - Entered the save_object method of MainUtils class
[ 2025-08-28 14:50:18,184 ] 50 root - INFO - Exited the save_object method of MainUtils class
[ 2025-08-28 14:50:18,186 ] 37 root - INFO - data Transformation completed
[ 2025-08-28 14:50:18,186 ] 39 root - INFO - Model Training stared
[ 2025-08-28 14:55:44,005 ] 46 root - INFO - Entered the save_object method of MainUtils class
[ 2025-08-28 14:55:44,006 ] 50 root - INFO - Exited the save_object method of MainUtils class
[ 2025-08-28 14:55:44,006 ] 46 root - INFO - Entered the save_object method of MainUtils class
[ 2025-08-28 14:55:44,034 ] 50 root - INFO - Exited the save_object method of MainUtils class
[ 2025-08-28 14:55:44,034 ] 153 root - INFO - Model trainer artifact: ModelTrainerArtifact(trained_model_file_path='Artifacts\\08_28_2025_14_50_12\\model_trainer\\trained_model\\model.pkl', train_metric_artifact=ClassificationMetricArtifact(f1_score=0.9911108853558186, precision_score=0.989251673088623, recall_score=0.9929770992366412), test_metric_artifact=ClassificationMetricArtifact(f1_score=0.9877436206550131, precision_score=0.9879421221864951, recall_score=0.9875451988750502))
[ 2025-08-28 14:55:44,038 ] 43 root - INFO - Model Training artifact created
