[ 2025-08-28 16:22:34,806 ] 1025 httpx - INFO - HTTP Request: GET https://dagshub.com/api/v1/user "HTTP/1.1 200 OK"
[ 2025-08-28 16:22:34,812 ] 107 dagshub - INFO - Accessing as GaneshShaw123
[ 2025-08-28 16:22:35,418 ] 1025 httpx - INFO - HTTP Request: GET https://dagshub.com/api/v1/repos/GaneshShaw123/NetworkSecurity "HTTP/1.1 200 OK"
[ 2025-08-28 16:22:35,889 ] 1025 httpx - INFO - HTTP Request: GET https://dagshub.com/api/v1/user "HTTP/1.1 200 OK"
[ 2025-08-28 16:22:35,890 ] 107 dagshub - INFO - Initialized MLflow to track repo "GaneshShaw123/NetworkSecurity"
[ 2025-08-28 16:22:35,891 ] 107 dagshub - INFO - Repository GaneshShaw123/NetworkSecurity initialized!
[ 2025-08-28 16:23:09,436 ] 42 root - INFO - Start data Ingestion
[ 2025-08-28 16:23:13,120 ] 65 root - INFO - Performed train test split on the dataframe
[ 2025-08-28 16:23:13,121 ] 67 root - INFO - Exited split_data_as_train_test method of Data_Ingestion class
[ 2025-08-28 16:23:13,122 ] 75 root - INFO - Exporting train and test file path.
[ 2025-08-28 16:23:13,515 ] 84 root - INFO - Exported train and test file path.
[ 2025-08-28 16:23:13,517 ] 45 root - INFO - Data Ingestion completed and artifact: DataIngestionArtifact(trained_file_path='Artifacts\\08_28_2025_16_22_32\\data_ingestion\\ingested\\train.csv', test_file_path='Artifacts\\08_28_2025_16_22_32\\data_ingestion\\ingested\\test.csv')
[ 2025-08-28 16:23:13,548 ] 55 root - INFO - Initiate the data Validation
[ 2025-08-28 16:23:13,735 ] 32 root - INFO - Required number of columns:2
[ 2025-08-28 16:23:13,735 ] 33 root - INFO - Data frame has columns:31
[ 2025-08-28 16:23:13,735 ] 32 root - INFO - Required number of columns:2
[ 2025-08-28 16:23:13,736 ] 33 root - INFO - Data frame has columns:31
[ 2025-08-28 16:23:14,606 ] 63 root - INFO - Entered initiate_data_transformation method of DataTransformation class
[ 2025-08-28 16:23:14,606 ] 65 root - INFO - Starting data transformation
[ 2025-08-28 16:23:14,771 ] 48 root - INFO - Entered get_data_trnasformer_object method of Trnasformation class
[ 2025-08-28 16:23:14,771 ] 53 root - INFO - Initialise KNNImputer with {'missing_values': nan, 'n_neighbors': 3, 'weights': 'uniform'}
[ 2025-08-28 16:23:14,835 ] 46 root - INFO - Entered the save_object method of MainUtils class
[ 2025-08-28 16:23:14,853 ] 50 root - INFO - Exited the save_object method of MainUtils class
[ 2025-08-28 16:23:14,853 ] 46 root - INFO - Entered the save_object method of MainUtils class
[ 2025-08-28 16:23:14,873 ] 50 root - INFO - Exited the save_object method of MainUtils class
[ 2025-08-28 16:29:54,114 ] 46 root - INFO - Entered the save_object method of MainUtils class
[ 2025-08-28 16:29:54,114 ] 50 root - INFO - Exited the save_object method of MainUtils class
[ 2025-08-28 16:29:54,114 ] 46 root - INFO - Entered the save_object method of MainUtils class
[ 2025-08-28 16:29:54,155 ] 50 root - INFO - Exited the save_object method of MainUtils class
[ 2025-08-28 16:29:54,156 ] 153 root - INFO - Model trainer artifact: ModelTrainerArtifact(trained_model_file_path='Artifacts\\08_28_2025_16_22_32\\model_trainer\\trained_model\\model.pkl', train_metric_artifact=ClassificationMetricArtifact(f1_score=0.9911684092985482, precision_score=0.9903641342935389, recall_score=0.9919739916692065), test_metric_artifact=ClassificationMetricArtifact(f1_score=0.985847149211484, precision_score=0.9850505050505051, recall_score=0.9866450829623634))
