[ 2025-08-28 14:41:26,036 ] 1025 httpx - INFO - HTTP Request: GET https://dagshub.com/api/v1/user "HTTP/1.1 200 OK"
[ 2025-08-28 14:41:26,042 ] 107 dagshub - INFO - Accessing as GaneshShaw123
[ 2025-08-28 14:41:27,948 ] 1025 httpx - INFO - HTTP Request: GET https://dagshub.com/api/v1/repos/GaneshShaw123/NetworkSecurity "HTTP/1.1 200 OK"
[ 2025-08-28 14:41:28,356 ] 1025 httpx - INFO - HTTP Request: GET https://dagshub.com/api/v1/user "HTTP/1.1 200 OK"
[ 2025-08-28 14:41:28,358 ] 107 dagshub - INFO - Initialized MLflow to track repo "GaneshShaw123/NetworkSecurity"
[ 2025-08-28 14:41:28,359 ] 107 dagshub - INFO - Repository GaneshShaw123/NetworkSecurity initialized!
[ 2025-08-28 14:41:28,379 ] 20 root - INFO - Initiate the data ingestion
[ 2025-08-28 14:41:30,615 ] 65 root - INFO - Performed train test split on the dataframe
[ 2025-08-28 14:41:30,616 ] 67 root - INFO - Exited split_data_as_train_test method of Data_Ingestion class
[ 2025-08-28 14:41:30,616 ] 75 root - INFO - Exporting train and test file path.
[ 2025-08-28 14:41:30,680 ] 84 root - INFO - Exported train and test file path.
[ 2025-08-28 14:41:30,680 ] 22 root - INFO - Data Initiation Completed
[ 2025-08-28 14:41:30,684 ] 27 root - INFO - Initiate the data Validation
[ 2025-08-28 14:41:30,812 ] 32 root - INFO - Required number of columns:2
[ 2025-08-28 14:41:30,812 ] 33 root - INFO - Data frame has columns:31
[ 2025-08-28 14:41:30,812 ] 32 root - INFO - Required number of columns:2
[ 2025-08-28 14:41:30,812 ] 33 root - INFO - Data frame has columns:31
[ 2025-08-28 14:41:30,972 ] 29 root - INFO - data Validation Completed
[ 2025-08-28 14:41:30,973 ] 33 root - INFO - data Transformation started
[ 2025-08-28 14:41:30,973 ] 63 root - INFO - Entered initiate_data_transformation method of DataTransformation class
[ 2025-08-28 14:41:30,973 ] 65 root - INFO - Starting data transformation
[ 2025-08-28 14:41:31,009 ] 48 root - INFO - Entered get_data_trnasformer_object method of Trnasformation class
[ 2025-08-28 14:41:31,009 ] 53 root - INFO - Initialise KNNImputer with {'missing_values': nan, 'n_neighbors': 3, 'weights': 'uniform'}
[ 2025-08-28 14:41:31,028 ] 46 root - INFO - Entered the save_object method of MainUtils class
[ 2025-08-28 14:41:31,030 ] 50 root - INFO - Exited the save_object method of MainUtils class
[ 2025-08-28 14:41:31,030 ] 46 root - INFO - Entered the save_object method of MainUtils class
[ 2025-08-28 14:41:31,034 ] 50 root - INFO - Exited the save_object method of MainUtils class
[ 2025-08-28 14:41:31,035 ] 37 root - INFO - data Transformation completed
[ 2025-08-28 14:41:31,035 ] 39 root - INFO - Model Training stared
